<?xml version="1.0" encoding="UTF-8"?>
<!-- Generated by org.testng.reporters.JUnitReportReporter -->
<testsuite hostname="SurfacePro" name="testScripts.TestMailLogin" tests="1" failures="0" timestamp="18 Apr 2017 16:34:11 GMT" time="32.605" errors="0">
  <testcase name="TestLogin" time="32.605" classname="testScripts.TestMailLogin"/>
</testsuite> <!-- testScripts.TestMailLogin -->
